<?xml version="1.0" encoding="utf-8"?><testsuites name="pytest tests"><testsuite name="pytest" errors="0" failures="1" skipped="0" tests="21" time="2.743" timestamp="2026-05-15T09:41:52.152420+00:00" hostname="agent-env-632dd326-3da3-4ef0-a53a-ccd569e8d74d"><testcase classname="backend.tests.backend_test.TestPages" name="test_user_page_loads" time="0.531" /><testcase classname="backend.tests.backend_test.TestPages" name="test_admin_panel_loads" time="0.234" /><testcase classname="backend.tests.backend_test.TestUserRegister" name="test_register_success" time="0.048" /><testcase classname="backend.tests.backend_test.TestUserRegister" name="test_register_empty_name_rejected" time="0.073" /><testcase classname="backend.tests.backend_test.TestCalculate" name="test_green_scenario" time="0.158" /><testcase classname="backend.tests.backend_test.TestCalculate" name="test_red_scenario_no_savings" time="0.039" /><testcase classname="backend.tests.backend_test.TestCalculate" name="test_orange_scenario" time="0.080"><failure message="AssertionError: assert 'green' in ('orange', 'red')">backend/tests/backend_test.py:131: in test_orange_scenario
    assert d["status"] in ("orange", "red")  # depends on math
    ^^^^^^^^^^^^^^^^^^^^^^^^^^^^^^^^^^^^^^^
E   AssertionError: assert 'green' in ('orange', 'red')</failure></testcase><testcase classname="backend.tests.backend_test.TestCalculate" name="test_bengali_message_present" time="0.039" /><testcase classname="backend.tests.backend_test.TestCalculateMax" name="test_calculate_max" time="0.078" /><testcase classname="backend.tests.backend_test.TestEventAndQuestion" name="test_event" time="0.124" /><testcase classname="backend.tests.backend_test.TestEventAndQuestion" name="test_question_ok" time="0.075" /><testcase classname="backend.tests.backend_test.TestEventAndQuestion" name="test_question_empty_rejected" time="0.071" /><testcase classname="backend.tests.backend_test.TestAdminAuth" name="test_login_success" time="0.137" /><testcase classname="backend.tests.backend_test.TestAdminAuth" name="test_login_wrong_password" time="0.089" /><testcase classname="backend.tests.backend_test.TestAdminAuth" name="test_dashboard_no_token" time="0.090" /><testcase classname="backend.tests.backend_test.TestAdminAuth" name="test_dashboard_invalid_token" time="0.143" /><testcase classname="backend.tests.backend_test.TestAdminData" name="test_dashboard" time="0.207" /><testcase classname="backend.tests.backend_test.TestAdminData" name="test_users" time="0.091" /><testcase classname="backend.tests.backend_test.TestAdminData" name="test_assessments" time="0.166" /><testcase classname="backend.tests.backend_test.TestAdminData" name="test_research" time="0.098" /><testcase classname="backend.tests.backend_test.TestAdminData" name="test_questions" time="0.076" /></testsuite></testsuites>