<?xml version="1.0" encoding="utf-8"?><testsuites name="pytest tests"><testsuite name="pytest" errors="0" failures="2" skipped="0" tests="21" time="3.011" timestamp="2026-05-15T09:35:30.506714+00:00" hostname="agent-env-632dd326-3da3-4ef0-a53a-ccd569e8d74d"><testcase classname="backend.tests.backend_test.TestPages" name="test_user_page_loads" time="0.887" /><testcase classname="backend.tests.backend_test.TestPages" name="test_admin_panel_loads" time="0.250"><failure message="AssertionError: admin panel returned 500: &lt;!doctype html&gt;&#10;  &lt;html lang=en&gt;&#10;  &lt;title&gt;500 Internal Server Error&lt;/title&gt;&#10;  &lt;h1&gt;Internal Server Error&lt;/h1&gt;&#10;  &lt;p&gt;The server encountered an internal error and was unable to complete your request. Either the s&#10;assert 500 == 200&#10; +  where 500 = &lt;Response [500]&gt;.status_code">backend/tests/backend_test.py:48: in test_admin_panel_loads
    assert r.status_code == 200, f"admin panel returned {r.status_code}: {r.text[:200]}"
E   AssertionError: admin panel returned 500: &lt;!doctype html&gt;
E     &lt;html lang=en&gt;
E     &lt;title&gt;500 Internal Server Error&lt;/title&gt;
E     &lt;h1&gt;Internal Server Error&lt;/h1&gt;
E     &lt;p&gt;The server encountered an internal error and was unable to complete your request. Either the s
E   assert 500 == 200
E    +  where 500 = &lt;Response [500]&gt;.status_code</failure></testcase><testcase classname="backend.tests.backend_test.TestUserRegister" name="test_register_success" time="0.056" /><testcase classname="backend.tests.backend_test.TestUserRegister" name="test_register_empty_name_rejected" time="0.049" /><testcase classname="backend.tests.backend_test.TestCalculate" name="test_green_scenario" time="0.094" /><testcase classname="backend.tests.backend_test.TestCalculate" name="test_red_scenario_no_savings" time="0.046" /><testcase classname="backend.tests.backend_test.TestCalculate" name="test_orange_scenario" time="0.050"><failure message="AssertionError: assert 'green' in ('orange', 'red')">backend/tests/backend_test.py:131: in test_orange_scenario
    assert d["status"] in ("orange", "red")  # depends on math
    ^^^^^^^^^^^^^^^^^^^^^^^^^^^^^^^^^^^^^^^
E   AssertionError: assert 'green' in ('orange', 'red')</failure></testcase><testcase classname="backend.tests.backend_test.TestCalculate" name="test_bengali_message_present" time="0.050" /><testcase classname="backend.tests.backend_test.TestCalculateMax" name="test_calculate_max" time="0.074" /><testcase classname="backend.tests.backend_test.TestEventAndQuestion" name="test_event" time="0.104" /><testcase classname="backend.tests.backend_test.TestEventAndQuestion" name="test_question_ok" time="0.079" /><testcase classname="backend.tests.backend_test.TestEventAndQuestion" name="test_question_empty_rejected" time="0.030" /><testcase classname="backend.tests.backend_test.TestAdminAuth" name="test_login_success" time="0.136" /><testcase classname="backend.tests.backend_test.TestAdminAuth" name="test_login_wrong_password" time="0.128" /><testcase classname="backend.tests.backend_test.TestAdminAuth" name="test_dashboard_no_token" time="0.091" /><testcase classname="backend.tests.backend_test.TestAdminAuth" name="test_dashboard_invalid_token" time="0.110" /><testcase classname="backend.tests.backend_test.TestAdminData" name="test_dashboard" time="0.204" /><testcase classname="backend.tests.backend_test.TestAdminData" name="test_users" time="0.136" /><testcase classname="backend.tests.backend_test.TestAdminData" name="test_assessments" time="0.124" /><testcase classname="backend.tests.backend_test.TestAdminData" name="test_research" time="0.080" /><testcase classname="backend.tests.backend_test.TestAdminData" name="test_questions" time="0.083" /></testsuite></testsuites>